running develop
running egg_info
creating erp42_navigation.egg-info
writing erp42_navigation.egg-info/PKG-INFO
writing dependency_links to erp42_navigation.egg-info/dependency_links.txt
writing entry points to erp42_navigation.egg-info/entry_points.txt
writing requirements to erp42_navigation.egg-info/requires.txt
writing top-level names to erp42_navigation.egg-info/top_level.txt
writing manifest file 'erp42_navigation.egg-info/SOURCES.txt'
reading manifest file 'erp42_navigation.egg-info/SOURCES.txt'
writing manifest file 'erp42_navigation.egg-info/SOURCES.txt'
running build_ext
Creating /home/gyumin/erp42_ws/install/erp42_navigation/lib/python3.10/site-packages/erp42-navigation.egg-link (link to .)
Installing lidar_node script to /home/gyumin/erp42_ws/install/erp42_navigation/lib/erp42_navigation
Installing obstacle_avoider script to /home/gyumin/erp42_ws/install/erp42_navigation/lib/erp42_navigation
Installing vehicle_driver script to /home/gyumin/erp42_ws/install/erp42_navigation/lib/erp42_navigation

Installed /home/gyumin/erp42_ws/build/erp42_navigation
running symlink_data
creating /home/gyumin/erp42_ws/install/erp42_navigation/share/ament_index
creating /home/gyumin/erp42_ws/install/erp42_navigation/share/ament_index/resource_index
creating /home/gyumin/erp42_ws/install/erp42_navigation/share/ament_index/resource_index/packages
symbolically linking /home/gyumin/erp42_ws/build/erp42_navigation/resource/erp42_navigation -> /home/gyumin/erp42_ws/install/erp42_navigation/share/ament_index/resource_index/packages
symbolically linking /home/gyumin/erp42_ws/build/erp42_navigation/package.xml -> /home/gyumin/erp42_ws/install/erp42_navigation/share/erp42_navigation
creating /home/gyumin/erp42_ws/install/erp42_navigation/share/erp42_navigation/launch
symbolically linking /home/gyumin/erp42_ws/build/erp42_navigation/launch/obstacle_avoidance_launch.py -> /home/gyumin/erp42_ws/install/erp42_navigation/share/erp42_navigation/launch
